<?xml version="1.0" encoding="UTF-8"?>
<!-- Generated by org.testng.reporters.JUnitReportReporter -->
<testsuite hostname="MacBook-Pro-de-Iaquine.local" failures="0" tests="3" name="PrimeFactorsTest" time="0.007" errors="0" timestamp="2021-11-10T17:21:50 BRT" skipped="0">
  <testcase classname="PrimeFactorsTest" name="returnNoneFor1" time="0.006"/>
  <system-out/>
  <testcase classname="PrimeFactorsTest" name="returnNoneFor1" time="0.000"/>
  <system-out/>
  <testcase classname="PrimeFactorsTest" name="returnNoneFor1" time="0.001"/>
  <system-out/>
</testsuite> <!-- PrimeFactorsTest -->
