<?xml version="1.0" encoding="UTF-8"?>
<!-- Generated by org.testng.reporters.JUnitReportReporter -->
<testsuite hostname="MacBook-Pro-de-Iaquine.local" failures="0" tests="1" name="PrimeFactorsTest" time="0.007" errors="0" timestamp="2021-11-10T10:40:45 BRT" skipped="0">
  <testcase classname="PrimeFactorsTest" name="returnNoneFor1" time="0.007"/>
  <system-out/>
</testsuite> <!-- PrimeFactorsTest -->
